0 info it worked if it ends with ok
1 verbose cli [ 'node', '/usr/local/bin/npm', 'adduser' ]
2 info using npm@1.3.8
3 info using node@v0.10.17
4 error Error: canceled
4 error     at Interface.<anonymous> (/usr/local/lib/node_modules/npm/node_modules/read/lib/read.js:66:13)
4 error     at Interface.EventEmitter.emit (events.js:92:17)
4 error     at Interface._ttyWrite (readline.js:620:16)
4 error     at ReadStream.onkeypress (readline.js:99:10)
4 error     at ReadStream.EventEmitter.emit (events.js:98:17)
4 error     at emitKey (readline.js:1095:12)
4 error     at ReadStream.onData (readline.js:840:14)
4 error     at ReadStream.EventEmitter.emit (events.js:95:17)
4 error     at ReadStream.<anonymous> (_stream_readable.js:746:14)
4 error     at ReadStream.EventEmitter.emit (events.js:92:17)
5 error If you need help, you may report this log at:
5 error     <http://github.com/isaacs/npm/issues>
5 error or email it to:
5 error     <npm-@googlegroups.com>
6 error System Darwin 12.4.0
7 error command "node" "/usr/local/bin/npm" "adduser"
8 error cwd /Users/mikolalysenko/GitHub/cs558-technology
9 error node -v v0.10.17
10 error npm -v 1.3.8
11 verbose exit [ 1, true ]
